<?xml version="1.0" encoding="UTF-8"?>
<!-- Generated by org.testng.reporters.JUnitReportReporter -->
<testsuite hostname="tm3" name="com.rafi.login" tests="1" failures="0" timestamp="25 Feb 2018 06:29:16 GMT" time="54.454" errors="0">
  <testcase name="login_gmail" time="54.454" classname="com.rafi.login"/>
</testsuite> <!-- com.rafi.login -->
