<?xml version="1.0" encoding="UTF-8"?>
<!-- Generated by org.testng.reporters.JUnitReportReporter -->
<testsuite hostname="tm3" name="com.rafi.login" tests="1" failures="0" timestamp="25 Feb 2018 06:31:23 GMT" time="40.060" errors="0">
  <testcase name="login_gmail" time="40.060" classname="com.rafi.login"/>
</testsuite> <!-- com.rafi.login -->
